c:\remiria\realtofantasy\ver.0.01\realtofantasy\debug\vc142.pdb
c:\remiria\realtofantasy\ver.0.01\realtofantasy\debug\vc142.idb
c:\remiria\realtofantasy\ver.0.01\realtofantasy\debug\realtofantasy.obj
c:\remiria\realtofantasy\ver.0.01\realtofantasy\debug\fps.obj
c:\remiria\realtofantasy\ver.0.01\realtofantasy\debug\enemy_resetmanager.obj
c:\remiria\realtofantasy\ver.0.01\realtofantasy\debug\enemy_movingreset.obj
c:\remiria\realtofantasy\ver.0.01\realtofantasy\debug\enemy_moving.obj
c:\remiria\realtofantasy\ver.0.01\realtofantasy\debug\enemy_lifereset.obj
c:\remiria\realtofantasy\ver.0.01\realtofantasy\debug\enemy_life.obj
c:\remiria\realtofantasy\ver.0.01\realtofantasy\debug\enemy_colider.obj
c:\remiria\realtofantasy\ver.0.01\realtofantasy\debug\enemy_bullet.obj
c:\remiria\realtofantasy\ver.0.01\realtofantasy\debug\eballet_reset.obj
c:\remiria\realtofantasy\ver.0.01\realtofantasy\debug\title.obj
c:\remiria\realtofantasy\ver.0.01\realtofantasy\debug\stage_scroll.obj
c:\remiria\realtofantasy\ver.0.01\realtofantasy\debug\stage_resetmanager.obj
c:\remiria\realtofantasy\ver.0.01\realtofantasy\debug\stage_reset.obj
c:\remiria\realtofantasy\ver.0.01\realtofantasy\debug\gamemaneger.obj
c:\remiria\realtofantasy\ver.0.01\realtofantasy\debug\realtofantasy.tlog\cl.command.1.tlog
c:\remiria\realtofantasy\ver.0.01\realtofantasy\debug\realtofantasy.tlog\cl.read.1.tlog
c:\remiria\realtofantasy\ver.0.01\realtofantasy\debug\realtofantasy.tlog\cl.write.1.tlog
